/*C8*/SET SCHEMA PUBLIC
CONNECT USER SA
create table reserva\u000a( codigo int not null,\u000aid_sala int not null,\u000aid_responsavel int not null,\u000adata date,\u000aperiodo varchar(255)\u000a)
/*C9*/SET SCHEMA PUBLIC
CONNECT USER SA
DISCONNECT
/*C10*/SET SCHEMA PUBLIC
CONNECT USER SA
DISCONNECT
/*C11*/SET SCHEMA PUBLIC
CONNECT USER SA
/*C12*/SET SCHEMA PUBLIC
CONNECT USER SA
DISCONNECT
/*C11*/INSERT INTO RESERVA VALUES(0,0,0,NULL,'Matutino')
DISCONNECT
/*C8*/DISCONNECT
/*C13*/SET SCHEMA PUBLIC
CONNECT USER SA
DISCONNECT
/*C14*/SET SCHEMA PUBLIC
CONNECT USER SA
DISCONNECT
/*C15*/SET SCHEMA PUBLIC
CONNECT USER SA
DELETE FROM RESERVA WHERE CODIGO=0 AND ID_SALA=0 AND ID_RESPONSAVEL=0 AND DATA IS NULL AND PERIODO='Matutino'
/*C16*/SET SCHEMA PUBLIC
CONNECT USER SA
DISCONNECT
/*C17*/SET SCHEMA PUBLIC
CONNECT USER SA
DISCONNECT
/*C18*/SET SCHEMA PUBLIC
CONNECT USER SA
/*C19*/SET SCHEMA PUBLIC
CONNECT USER SA
DISCONNECT
/*C18*/INSERT INTO RESERVA VALUES(0,1,1,NULL,'Matutino')
DISCONNECT
/*C15*/SET AUTOCOMMIT FALSE
DELETE FROM RESERVA WHERE CODIGO=0 AND ID_SALA=1 AND ID_RESPONSAVEL=1 AND DATA IS NULL AND PERIODO='Matutino'
INSERT INTO RESERVA VALUES(1,1,1,NULL,'Matutino')
SET AUTOCOMMIT TRUE
/*C20*/SET SCHEMA PUBLIC
CONNECT USER SA
DISCONNECT
/*C21*/SET SCHEMA PUBLIC
CONNECT USER SA
DISCONNECT
/*C22*/SET SCHEMA PUBLIC
CONNECT USER SA
DISCONNECT
/*C23*/SET SCHEMA PUBLIC
CONNECT USER SA
DISCONNECT
/*C24*/SET SCHEMA PUBLIC
CONNECT USER SA
DISCONNECT
/*C25*/SET SCHEMA PUBLIC
CONNECT USER SA
DISCONNECT
/*C26*/SET SCHEMA PUBLIC
CONNECT USER SA
/*C27*/SET SCHEMA PUBLIC
CONNECT USER SA
DISCONNECT
/*C26*/INSERT INTO RESERVA VALUES(1,1,1,NULL,'Matutino')
DISCONNECT
/*C28*/SET SCHEMA PUBLIC
CONNECT USER SA
DISCONNECT
/*C29*/SET SCHEMA PUBLIC
CONNECT USER SA
DISCONNECT
/*C30*/SET SCHEMA PUBLIC
CONNECT USER SA
DISCONNECT
/*C31*/SET SCHEMA PUBLIC
CONNECT USER SA
DISCONNECT
/*C32*/SET SCHEMA PUBLIC
CONNECT USER SA
/*C33*/SET SCHEMA PUBLIC
CONNECT USER SA
DISCONNECT
/*C32*/INSERT INTO RESERVA VALUES(1,1,1,NULL,'Matutino')
DISCONNECT
/*C34*/SET SCHEMA PUBLIC
CONNECT USER SA
DISCONNECT
/*C35*/SET SCHEMA PUBLIC
CONNECT USER SA
DISCONNECT
/*C36*/SET SCHEMA PUBLIC
CONNECT USER SA
DISCONNECT
/*C37*/SET SCHEMA PUBLIC
CONNECT USER SA
DISCONNECT
/*C38*/SET SCHEMA PUBLIC
CONNECT USER SA
DISCONNECT
/*C39*/SET SCHEMA PUBLIC
CONNECT USER SA
DISCONNECT
/*C40*/SET SCHEMA PUBLIC
CONNECT USER SA
/*C41*/SET SCHEMA PUBLIC
CONNECT USER SA
DISCONNECT
/*C40*/INSERT INTO RESERVA VALUES(1,1,1,NULL,'Noturno')
DISCONNECT
/*C15*/DELETE FROM RESERVA WHERE CODIGO=1 AND ID_SALA=1 AND ID_RESPONSAVEL=1 AND DATA IS NULL AND PERIODO='Matutino'
DELETE FROM RESERVA WHERE CODIGO=1 AND ID_SALA=1 AND ID_RESPONSAVEL=1 AND DATA IS NULL AND PERIODO='Matutino'
DELETE FROM RESERVA WHERE CODIGO=1 AND ID_SALA=1 AND ID_RESPONSAVEL=1 AND DATA IS NULL AND PERIODO='Matutino'
DELETE FROM RESERVA WHERE CODIGO=1 AND ID_SALA=1 AND ID_RESPONSAVEL=1 AND DATA IS NULL AND PERIODO='Noturno'
/*C42*/SET SCHEMA PUBLIC
CONNECT USER SA
DISCONNECT
/*C43*/SET SCHEMA PUBLIC
CONNECT USER SA
DISCONNECT
/*C44*/SET SCHEMA PUBLIC
CONNECT USER SA
DISCONNECT
/*C45*/SET SCHEMA PUBLIC
CONNECT USER SA
DISCONNECT
/*C46*/SET SCHEMA PUBLIC
CONNECT USER SA
/*C47*/SET SCHEMA PUBLIC
CONNECT USER SA
DISCONNECT
/*C46*/INSERT INTO RESERVA VALUES(1,1,1,NULL,'Noturno')
DISCONNECT
/*C15*/DISCONNECT
/*C48*/SET SCHEMA PUBLIC
CONNECT USER SA
DISCONNECT
/*C49*/SET SCHEMA PUBLIC
CONNECT USER SA
DISCONNECT
/*C50*/SET SCHEMA PUBLIC
CONNECT USER SA
/*C51*/SET SCHEMA PUBLIC
CONNECT USER SA
DISCONNECT
/*C50*/INSERT INTO RESERVA VALUES(1,1,1,NULL,'Vespertino')
DISCONNECT
/*C52*/SET SCHEMA PUBLIC
CONNECT USER SA
DISCONNECT
/*C53*/SET SCHEMA PUBLIC
CONNECT USER SA
SET AUTOCOMMIT FALSE
DELETE FROM RESERVA WHERE CODIGO=1 AND ID_SALA=1 AND ID_RESPONSAVEL=1 AND DATA IS NULL AND PERIODO='Vespertino'
INSERT INTO RESERVA VALUES(2,1,1,NULL,'Vespertino')
SET AUTOCOMMIT TRUE
/*C54*/SET SCHEMA PUBLIC
CONNECT USER SA
DISCONNECT
/*C55*/SET SCHEMA PUBLIC
CONNECT USER SA
DISCONNECT
/*C56*/SET SCHEMA PUBLIC
CONNECT USER SA
/*C57*/SET SCHEMA PUBLIC
CONNECT USER SA
DISCONNECT
/*C56*/INSERT INTO RESERVA VALUES(2,1,1,NULL,'Matutino')
DISCONNECT
/*C53*/SET AUTOCOMMIT FALSE
DELETE FROM RESERVA WHERE CODIGO=2 AND ID_SALA=1 AND ID_RESPONSAVEL=1 AND DATA IS NULL AND PERIODO='Matutino'
INSERT INTO RESERVA VALUES(3,1,1,NULL,'Matutino')
SET AUTOCOMMIT TRUE
DISCONNECT
/*C58*/SET SCHEMA PUBLIC
CONNECT USER SA
DISCONNECT
/*C59*/SET SCHEMA PUBLIC
CONNECT USER SA
DISCONNECT
/*C60*/SET SCHEMA PUBLIC
CONNECT USER SA
DISCONNECT
